<?xml version="1.0" encoding="UTF-8"?>
<testsuite name="tracker.ValidatorTest" tests="16" skipped="0" failures="0" errors="0" timestamp="2022-09-07T08:12:52" hostname="DESKTOP-HDARIGQ" time="0.19">
  <properties/>
  <testcase name="[1] pa'rker" classname="tracker.ValidatorTest" time="0.055"/>
  <testcase name="[2] zu-ker-burg" classname="tracker.ValidatorTest" time="0.002"/>
  <testcase name="[3] b'om-b" classname="tracker.ValidatorTest" time="0.002"/>
  <testcase name="[4] sus" classname="tracker.ValidatorTest" time="0.004"/>
  <testcase name="[5] fist" classname="tracker.ValidatorTest" time="0.001"/>
  <testcase name="[6] resist" classname="tracker.ValidatorTest" time="0.002"/>
  <testcase name="1 =&gt; isAllValidCredentialsOf(John, Doe, johnDoe@gmail.com) == true" classname="tracker.ValidatorTest" time="0.003"/>
  <testcase name="2 =&gt; isAllValidCredentialsOf(Bob, feynman, bobFeynman@outlook.com) == true" classname="tracker.ValidatorTest" time="0.0"/>
  <testcase name="[1] John" classname="tracker.ValidatorTest" time="0.0"/>
  <testcase name="[2] Foe" classname="tracker.ValidatorTest" time="0.001"/>
  <testcase name="[3] Doe" classname="tracker.ValidatorTest" time="0.002"/>
  <testcase name="[4] Chow" classname="tracker.ValidatorTest" time="0.002"/>
  <testcase name="[5] O'Clark" classname="tracker.ValidatorTest" time="0.014"/>
  <testcase name="[6] P'e-ter" classname="tracker.ValidatorTest" time="0.002"/>
  <testcase name="[1] ajmk47@vix.com, true" classname="tracker.ValidatorTest" time="0.003"/>
  <testcase name="[2] ajmk29@@..com, false" classname="tracker.ValidatorTest" time="0.001"/>
  <system-out><![CDATA[]]></system-out>
  <system-err><![CDATA[]]></system-err>
</testsuite>
