<?xml version="1.0" encoding="UTF-8"?>
<testsuite name="tracker.SampleTest" tests="1" skipped="0" failures="0" errors="0" timestamp="2022-09-07T08:12:52" hostname="DESKTOP-HDARIGQ" time="0.022">
  <properties/>
  <testcase name="test()" classname="tracker.SampleTest" time="0.022"/>
  <system-out><![CDATA[]]></system-out>
  <system-err><![CDATA[]]></system-err>
</testsuite>
